*** Using Compiler 'V6.19', folder: 'D:\Keil_v5\ARM\ARMCLANG\Bin'
Rebuild target 'Target 1'
compiling gd32g5x3_cmp.c...
compiling gd32g5x3_cla.c...
compiling gd32g5x3_cau_tdes.c...
compiling main.c...
compiling gd32g5x3_cau_des.c...
compiling gd32g5x3_it.c...
assembling startup_gd32g5x3.s...
compiling systick.c...
compiling gd32g5x3_cau.c...
compiling gd32g5x3_cau_aes.c...
compiling gd32g5x3_adc.c...
compiling gd32g5x3_can.c...
compiling gd32g5x3_crc.c...
compiling gd32g5x3_cpdm.c...
compiling gd32g5x3_exmc.c...
compiling gd32g5x3_dac.c...
compiling gd32g5x3_exti.c...
compiling gd32g5x3_dma.c...
compiling gd32g5x3_fac.c...
compiling gd32g5x3_dbg.c...
compiling gd32g5x3_fwdgt.c...
compiling gd32g5x3_fft.c...
compiling gd32g5x3_fmc.c...
compiling gd32g5x3_fmc_ramfunc.c...
compiling gd32g5x3_gpio.c...
compiling gd32g5x3_lptimer.c...
compiling gd32g5x3_i2c.c...
compiling gd32g5x3_pmu.c...
compiling gd32g5x3_misc.c...
compiling gd32g5x3_rcu.c...
compiling gd32g5x3_rtc.c...
compiling gd32g5x3_tmu.c...
compiling gd32g5x3_hpdf.c...
compiling gd32g5x3_syscfg.c...
compiling gd32g5x3_trigsel.c...
compiling gd32g5x3_hrtimer.c...
compiling gd32g5x3_timer.c...
compiling gd32g5x3_trng.c...
compiling gd32g5x3_wwdgt.c...
compiling pi_controller.c...
compiling system_gd32g5x3.c...
compiling bms_uart.c...
compiling gd32g5x3_vref.c...
compiling app_tasks.c...
compiling gd32g5x3_usart.c...
compiling board_support.c...
compiling battery_model.c...
compiling adc_manager.c...
compiling power_control.c...
compiling afe_gd30bm2016_transport.c...
compiling flash_storage.c...
compiling balance_manager.c...
compiling afe_gd30bm2016.c...
compiling power_control_api.c...
compiling power_control_mode.c...
compiling power_pwm.c...
compiling power_control_limits.c...
compiling power_control_safety.c...
compiling charge_manager.c...
compiling power_manager.c...
compiling charge_manager_params.c...
compiling charge_manager_control.c...
compiling charge_manager_path.c...
compiling charge_manager_faults.c...
compiling charge_manager_commands.c...
compiling bms_comm_service.c...
compiling power_path_manager.c...
compiling soc_estimator.c...
compiling bms_protocol.c...
compiling bms_state.c...
compiling fault_log.c...
compiling param_storage.c...
compiling list.c...
compiling safety_manager.c...
compiling timers.c...
compiling event_groups.c...
compiling queue.c...
compiling portasm.c...
compiling port.c...
compiling heap_4.c...
compiling stream_buffer.c...
compiling tasks.c...
linking...
Program Size: Code=77000 RO-data=1896 RW-data=8 ZI-data=24592
"..\Output\GD32G553_CHG.axf" - 0 Error(s), 0 Warning(s).
Build Time Elapsed:  00:00:10
