*** Using Compiler 'V6.19', folder: 'D:\Keil_v5\ARM\ARMCLANG\Bin'
Build target 'Target 1'
compiling balance_manager.c...
compiling bms_comm_service.c...
compiling power_manager.c...
compiling bms_state.c...
compiling bms_protocol.c...
compiling param_storage.c...
compiling fault_log.c...
compiling power_path_manager.c...
compiling soc_estimator.c...
compiling power_pwm.c...
compiling power_control.c...
compiling charge_manager.c...
compiling safety_manager.c...
compiling list.c...
compiling event_groups.c...
compiling portasm.c...
compiling port.c...
compiling heap_4.c...
compiling tasks.c...
compiling timers.c...
compiling queue.c...
compiling stream_buffer.c...
linking...
Program Size: Code=76980 RO-data=1896 RW-data=8 ZI-data=24600  
"..\Output\GD32G553_CHG.axf" - 0 Error(s), 0 Warning(s).
Build Time Elapsed:  00:00:02
